#
# There is insufficient memory for the Java Runtime Environment to continue.
# Native memory allocation (malloc) failed to allocate 230576 bytes for Chunk::new
# Possible reasons:
#   The system is out of physical RAM or swap space
#   The process is running with CompressedOops enabled, and the Java Heap may be blocking the growth of the native heap
# Possible solutions:
#   Reduce memory load on the system
#   Increase physical memory or swap space
#   Check if swap backing store is full
#   Decrease Java heap size (-Xmx/-Xms)
#   Decrease number of Java threads
#   Decrease Java thread stack sizes (-Xss)
#   Set larger code cache with -XX:ReservedCodeCacheSize=
#   JVM is running with Unscaled Compressed Oops mode in which the Java heap is
#     placed in the first 4GB address space. The Java Heap base address is the
#     maximum limit for the native heap growth. Please use -XX:HeapBaseMinAddress
#     to set the Java Heap base and to place the Java Heap above 4GB virtual address.
# This output file may be truncated or incomplete.
#
#  Out of Memory Error (arena.cpp:184), pid=24424, tid=22588
#
# JRE version: Java(TM) SE Runtime Environment (19.0.1+10) (build 19.0.1+10-21)
# Java VM: Java HotSpot(TM) 64-Bit Server VM (19.0.1+10-21, mixed mode, sharing, tiered, compressed oops, compressed class ptrs, g1 gc, windows-amd64)
# No core dump will be written. Minidumps are not enabled by default on client versions of Windows
#

---------------  S U M M A R Y ------------

Command Line: -ea -Didea.test.cyclic.buffer.size=1048576 -javaagent:C:\Program Files\JetBrains\IntelliJ IDEA 2022.2.3\lib\idea_rt.jar=63059:C:\Program Files\JetBrains\IntelliJ IDEA 2022.2.3\bin -Dfile.encoding=UTF-8 -Dsun.stdout.encoding=UTF-8 -Dsun.stderr.encoding=UTF-8 com.intellij.rt.junit.JUnitStarter -ideVersion5 -junit5 com.spedire.Spedire.SpedireUserServiceTest.ForgotPasswordTest,forgotPasswordMethodSendMailToUser

Host: Intel(R) Core(TM) i5-6300U CPU @ 2.40GHz, 4 cores, 7G,  Windows 10 , 64 bit Build 19041 (10.0.19041.3031)
Time: Fri Jul  7 20:34:41 2023 W. Central Africa Standard Time elapsed time: 2.947442 seconds (0d 0h 0m 2s)

---------------  T H R E A D  ---------------

Current thread (0x000001d76590fea0):  JavaThread "C2 CompilerThread0" daemon [_thread_in_native, id=22588, stack(0x0000007e8bd00000,0x0000007e8be00000)]


Current CompileTask:
C2:   2947 1730       4       java.lang.invoke.MethodType::methodType (69 bytes)

Stack: [0x0000007e8bd00000,0x0000007e8be00000]
Native frames: (J=compiled Java code, j=interpreted, Vv=VM code, C=native code)
V  [jvm.dll+0x6ee8fa]
V  [jvm.dll+0x857a1e]
V  [jvm.dll+0x85940e]
V  [jvm.dll+0x859ac3]
V  [jvm.dll+0x28291f]
V  [jvm.dll+0xc9b5f]
V  [jvm.dll+0xc9ee5]
V  [jvm.dll+0x5d14bb]
V  [jvm.dll+0x386230]
V  [jvm.dll+0x38567a]
V  [jvm.dll+0x24c2c9]
V  [jvm.dll+0x24b671]
V  [jvm.dll+0x1d6d61]
V  [jvm.dll+0x25b0fa]
V  [jvm.dll+0x259588]
V  [jvm.dll+0x807928]
V  [jvm.dll+0x8015fa]
V  [jvm.dll+0x6ed5eb]
C  [ucrtbase.dll+0x21bb2]
C  [KERNEL32.DLL+0x17614]
C  [ntdll.dll+0x526f1]


---------------  P R O C E S S  ---------------

Threads class SMR info:
_java_thread_list=0x000001d769dee1c0, length=13, elements={
0x000001d747bf0330, 0x000001d765904310, 0x000001d765905840, 0x000001d765907630,
0x000001d765909710, 0x000001d76590c400, 0x000001d76590d1b0, 0x000001d76590fea0,
0x000001d765914190, 0x000001d765918a00, 0x000001d76591a9e0, 0x000001d76591af30,
0x000001d765918f50
}

Java Threads: ( => current thread )
  0x000001d747bf0330 JavaThread "main" [_thread_in_Java, id=25304, stack(0x0000007e8b000000,0x0000007e8b100000)]
  0x000001d765904310 JavaThread "Reference Handler" daemon [_thread_blocked, id=21692, stack(0x0000007e8b700000,0x0000007e8b800000)]
  0x000001d765905840 JavaThread "Finalizer" daemon [_thread_blocked, id=15004, stack(0x0000007e8b800000,0x0000007e8b900000)]
  0x000001d765907630 JavaThread "Signal Dispatcher" daemon [_thread_blocked, id=9044, stack(0x0000007e8b900000,0x0000007e8ba00000)]
  0x000001d765909710 JavaThread "Attach Listener" daemon [_thread_blocked, id=22540, stack(0x0000007e8ba00000,0x0000007e8bb00000)]
  0x000001d76590c400 JavaThread "Service Thread" daemon [_thread_blocked, id=26344, stack(0x0000007e8bb00000,0x0000007e8bc00000)]
  0x000001d76590d1b0 JavaThread "Monitor Deflation Thread" daemon [_thread_blocked, id=24788, stack(0x0000007e8bc00000,0x0000007e8bd00000)]
=>0x000001d76590fea0 JavaThread "C2 CompilerThread0" daemon [_thread_in_native, id=22588, stack(0x0000007e8bd00000,0x0000007e8be00000)]
  0x000001d765914190 JavaThread "C1 CompilerThread0" daemon [_thread_in_vm, id=10532, stack(0x0000007e8be00000,0x0000007e8bf00000)]
  0x000001d765918a00 JavaThread "Sweeper thread" daemon [_thread_blocked, id=11168, stack(0x0000007e8bf00000,0x0000007e8c000000)]
  0x000001d76591a9e0 JavaThread "Common-Cleaner" daemon [_thread_blocked, id=23280, stack(0x0000007e8c000000,0x0000007e8c100000)]
  0x000001d76591af30 JavaThread "Monitor Ctrl-Break" daemon [_thread_in_native, id=20868, stack(0x0000007e8c100000,0x0000007e8c200000)]
  0x000001d765918f50 JavaThread "Notification Thread" daemon [_thread_blocked, id=23332, stack(0x0000007e8c200000,0x0000007e8c300000)]

Other Threads:
  0x000001d7658e8f40 VMThread "VM Thread" [stack: 0x0000007e8b600000,0x0000007e8b700000] [id=26380]
  0x000001d769d969a0 WatcherThread "VM Periodic Task Thread" [stack: 0x0000007e8c300000,0x0000007e8c400000] [id=17240]
  0x000001d747c4d7f0 WorkerThread "GC Thread#0" [stack: 0x0000007e8b100000,0x0000007e8b200000] [id=12828]
  0x000001d76a3a0890 WorkerThread "GC Thread#1" [stack: 0x0000007e8c400000,0x0000007e8c500000] [id=22656]
  0x000001d76a3b3a30 WorkerThread "GC Thread#2" [stack: 0x0000007e8c500000,0x0000007e8c600000] [id=21984]
  0x000001d76a3b3d00 WorkerThread "GC Thread#3" [stack: 0x0000007e8c600000,0x0000007e8c700000] [id=15200]
  0x000001d747c5db60 ConcurrentGCThread "G1 Main Marker" [stack: 0x0000007e8b200000,0x0000007e8b300000] [id=12324]
  0x000001d747c5e640 WorkerThread "G1 Conc#0" [stack: 0x0000007e8b300000,0x0000007e8b400000] [id=2528]
  0x000001d747caeb40 ConcurrentGCThread "G1 Refine#0" [stack: 0x0000007e8b400000,0x0000007e8b500000] [id=22244]
  0x000001d7657a2b10 ConcurrentGCThread "G1 Service" [stack: 0x0000007e8b500000,0x0000007e8b600000] [id=20236]

Threads with active compile tasks:
C2 CompilerThread0     3019 1730       4       java.lang.invoke.MethodType::methodType (69 bytes)

VM state: not at safepoint (normal execution)

VM Mutex/Monitor currently owned by a thread: None

Heap address: 0x0000000085800000, size: 1960 MB, Compressed Oops mode: 32-bit

CDS archive(s) mapped at: [0x0000000800000000-0x0000000800c40000-0x0000000800c40000), size 12845056, SharedBaseAddress: 0x0000000800000000, ArchiveRelocationMode: 0.
Compressed class space mapped at: 0x0000000801000000-0x0000000841000000, reserved size: 1073741824
Narrow klass base: 0x0000000800000000, Narrow klass shift: 0, Narrow klass range: 0x100000000

GC Precious Log:
 CardTable entry size: 512
 Card Set container configuration: InlinePtr #cards 5 size 8 Array Of Cards #cards 12 size 40 Howl #buckets 4 coarsen threshold 1843 Howl Bitmap #cards 512 size 80 coarsen threshold 460 Card regions per heap region 1 cards per card region 2048
 CPUs: 4 total, 4 available
 Memory: 7839M
 Large Page Support: Disabled
 NUMA Support: Disabled
 Compressed Oops: Enabled (32-bit)
 Heap Region Size: 1M
 Heap Min Capacity: 8M
 Heap Initial Capacity: 124M
 Heap Max Capacity: 1960M
 Pre-touch: Disabled
 Parallel Workers: 4
 Concurrent Workers: 1
 Concurrent Refinement Workers: 4
 Periodic GC: Disabled

Heap:
 garbage-first heap   total 126976K, used 10615K [0x0000000085800000, 0x0000000100000000)
  region size 1024K, 5 young (5120K), 3 survivors (3072K)
 Metaspace       used 11980K, committed 12224K, reserved 1114112K
  class space    used 1485K, committed 1600K, reserved 1048576K

Heap Regions: E=young(eden), S=young(survivor), O=old, HS=humongous(starts), HC=humongous(continues), CS=collection set, F=free, OA=open archive, CA=closed archive, TAMS=top-at-mark-start (previous, next)
|   0|0x0000000085800000, 0x0000000085900000, 0x0000000085900000|100%| O|  |TAMS 0x0000000085800000, 0x0000000085800000| Untracked 
|   1|0x0000000085900000, 0x0000000085a00000, 0x0000000085a00000|100%| O|  |TAMS 0x0000000085900000, 0x0000000085900000| Untracked 
|   2|0x0000000085a00000, 0x0000000085b00000, 0x0000000085b00000|100%| O|  |TAMS 0x0000000085a00000, 0x0000000085a00000| Untracked 
|   3|0x0000000085b00000, 0x0000000085c00000, 0x0000000085c00000|100%| O|  |TAMS 0x0000000085b00000, 0x0000000085b00000| Untracked 
|   4|0x0000000085c00000, 0x0000000085d00000, 0x0000000085d00000|100%| O|  |TAMS 0x0000000085c00000, 0x0000000085c00000| Untracked 
|   5|0x0000000085d00000, 0x0000000085e00000, 0x0000000085e00000|100%| O|  |TAMS 0x0000000085d00000, 0x0000000085d00000| Untracked 
|   6|0x0000000085e00000, 0x0000000085e5de00, 0x0000000085f00000| 36%| O|  |TAMS 0x0000000085e00000, 0x0000000085e00000| Untracked 
|   7|0x0000000085f00000, 0x0000000085f00000, 0x0000000086000000|  0%| F|  |TAMS 0x0000000085f00000, 0x0000000085f00000| Untracked 
|   8|0x0000000086000000, 0x0000000086000000, 0x0000000086100000|  0%| F|  |TAMS 0x0000000086000000, 0x0000000086000000| Untracked 
|   9|0x0000000086100000, 0x0000000086100000, 0x0000000086200000|  0%| F|  |TAMS 0x0000000086100000, 0x0000000086100000| Untracked 
|  10|0x0000000086200000, 0x0000000086200000, 0x0000000086300000|  0%| F|  |TAMS 0x0000000086200000, 0x0000000086200000| Untracked 
|  11|0x0000000086300000, 0x0000000086300000, 0x0000000086400000|  0%| F|  |TAMS 0x0000000086300000, 0x0000000086300000| Untracked 
|  12|0x0000000086400000, 0x0000000086400000, 0x0000000086500000|  0%| F|  |TAMS 0x0000000086400000, 0x0000000086400000| Untracked 
|  13|0x0000000086500000, 0x0000000086500000, 0x0000000086600000|  0%| F|  |TAMS 0x0000000086500000, 0x0000000086500000| Untracked 
|  14|0x0000000086600000, 0x0000000086600000, 0x0000000086700000|  0%| F|  |TAMS 0x0000000086600000, 0x0000000086600000| Untracked 
|  15|0x0000000086700000, 0x0000000086700000, 0x0000000086800000|  0%| F|  |TAMS 0x0000000086700000, 0x0000000086700000| Untracked 
|  16|0x0000000086800000, 0x0000000086800000, 0x0000000086900000|  0%| F|  |TAMS 0x0000000086800000, 0x0000000086800000| Untracked 
|  17|0x0000000086900000, 0x0000000086900000, 0x0000000086a00000|  0%| F|  |TAMS 0x0000000086900000, 0x0000000086900000| Untracked 
|  18|0x0000000086a00000, 0x0000000086a00000, 0x0000000086b00000|  0%| F|  |TAMS 0x0000000086a00000, 0x0000000086a00000| Untracked 
|  19|0x0000000086b00000, 0x0000000086b00000, 0x0000000086c00000|  0%| F|  |TAMS 0x0000000086b00000, 0x0000000086b00000| Untracked 
|  20|0x0000000086c00000, 0x0000000086c00000, 0x0000000086d00000|  0%| F|  |TAMS 0x0000000086c00000, 0x0000000086c00000| Untracked 
|  21|0x0000000086d00000, 0x0000000086d00000, 0x0000000086e00000|  0%| F|  |TAMS 0x0000000086d00000, 0x0000000086d00000| Untracked 
|  22|0x0000000086e00000, 0x0000000086e00000, 0x0000000086f00000|  0%| F|  |TAMS 0x0000000086e00000, 0x0000000086e00000| Untracked 
|  23|0x0000000086f00000, 0x0000000086f00000, 0x0000000087000000|  0%| F|  |TAMS 0x0000000086f00000, 0x0000000086f00000| Untracked 
|  24|0x0000000087000000, 0x0000000087000000, 0x0000000087100000|  0%| F|  |TAMS 0x0000000087000000, 0x0000000087000000| Untracked 
|  25|0x0000000087100000, 0x0000000087100000, 0x0000000087200000|  0%| F|  |TAMS 0x0000000087100000, 0x0000000087100000| Untracked 
|  26|0x0000000087200000, 0x0000000087200000, 0x0000000087300000|  0%| F|  |TAMS 0x0000000087200000, 0x0000000087200000| Untracked 
|  27|0x0000000087300000, 0x0000000087300000, 0x0000000087400000|  0%| F|  |TAMS 0x0000000087300000, 0x0000000087300000| Untracked 
|  28|0x0000000087400000, 0x0000000087400000, 0x0000000087500000|  0%| F|  |TAMS 0x0000000087400000, 0x0000000087400000| Untracked 
|  29|0x0000000087500000, 0x0000000087500000, 0x0000000087600000|  0%| F|  |TAMS 0x0000000087500000, 0x0000000087500000| Untracked 
|  30|0x0000000087600000, 0x0000000087600000, 0x0000000087700000|  0%| F|  |TAMS 0x0000000087600000, 0x0000000087600000| Untracked 
|  31|0x0000000087700000, 0x0000000087700000, 0x0000000087800000|  0%| F|  |TAMS 0x0000000087700000, 0x0000000087700000| Untracked 
|  32|0x0000000087800000, 0x0000000087800000, 0x0000000087900000|  0%| F|  |TAMS 0x0000000087800000, 0x0000000087800000| Untracked 
|  33|0x0000000087900000, 0x0000000087900000, 0x0000000087a00000|  0%| F|  |TAMS 0x0000000087900000, 0x0000000087900000| Untracked 
|  34|0x0000000087a00000, 0x0000000087a00000, 0x0000000087b00000|  0%| F|  |TAMS 0x0000000087a00000, 0x0000000087a00000| Untracked 
|  35|0x0000000087b00000, 0x0000000087b00000, 0x0000000087c00000|  0%| F|  |TAMS 0x0000000087b00000, 0x0000000087b00000| Untracked 
|  36|0x0000000087c00000, 0x0000000087c00000, 0x0000000087d00000|  0%| F|  |TAMS 0x0000000087c00000, 0x0000000087c00000| Untracked 
|  37|0x0000000087d00000, 0x0000000087d00000, 0x0000000087e00000|  0%| F|  |TAMS 0x0000000087d00000, 0x0000000087d00000| Untracked 
|  38|0x0000000087e00000, 0x0000000087e00000, 0x0000000087f00000|  0%| F|  |TAMS 0x0000000087e00000, 0x0000000087e00000| Untracked 
|  39|0x0000000087f00000, 0x0000000087f00000, 0x0000000088000000|  0%| F|  |TAMS 0x0000000087f00000, 0x0000000087f00000| Untracked 
|  40|0x0000000088000000, 0x0000000088000000, 0x0000000088100000|  0%| F|  |TAMS 0x0000000088000000, 0x0000000088000000| Untracked 
|  41|0x0000000088100000, 0x0000000088100000, 0x0000000088200000|  0%| F|  |TAMS 0x0000000088100000, 0x0000000088100000| Untracked 
|  42|0x0000000088200000, 0x0000000088200000, 0x0000000088300000|  0%| F|  |TAMS 0x0000000088200000, 0x0000000088200000| Untracked 
|  43|0x0000000088300000, 0x0000000088300000, 0x0000000088400000|  0%| F|  |TAMS 0x0000000088300000, 0x0000000088300000| Untracked 
|  44|0x0000000088400000, 0x0000000088400000, 0x0000000088500000|  0%| F|  |TAMS 0x0000000088400000, 0x0000000088400000| Untracked 
|  45|0x0000000088500000, 0x0000000088500000, 0x0000000088600000|  0%| F|  |TAMS 0x0000000088500000, 0x0000000088500000| Untracked 
|  46|0x0000000088600000, 0x0000000088600000, 0x0000000088700000|  0%| F|  |TAMS 0x0000000088600000, 0x0000000088600000| Untracked 
|  47|0x0000000088700000, 0x0000000088700000, 0x0000000088800000|  0%| F|  |TAMS 0x0000000088700000, 0x0000000088700000| Untracked 
|  48|0x0000000088800000, 0x0000000088800000, 0x0000000088900000|  0%| F|  |TAMS 0x0000000088800000, 0x0000000088800000| Untracked 
|  49|0x0000000088900000, 0x0000000088900000, 0x0000000088a00000|  0%| F|  |TAMS 0x0000000088900000, 0x0000000088900000| Untracked 
|  50|0x0000000088a00000, 0x0000000088a00000, 0x0000000088b00000|  0%| F|  |TAMS 0x0000000088a00000, 0x0000000088a00000| Untracked 
|  51|0x0000000088b00000, 0x0000000088b00000, 0x0000000088c00000|  0%| F|  |TAMS 0x0000000088b00000, 0x0000000088b00000| Untracked 
|  52|0x0000000088c00000, 0x0000000088c00000, 0x0000000088d00000|  0%| F|  |TAMS 0x0000000088c00000, 0x0000000088c00000| Untracked 
|  53|0x0000000088d00000, 0x0000000088d00000, 0x0000000088e00000|  0%| F|  |TAMS 0x0000000088d00000, 0x0000000088d00000| Untracked 
|  54|0x0000000088e00000, 0x0000000088e00000, 0x0000000088f00000|  0%| F|  |TAMS 0x0000000088e00000, 0x0000000088e00000| Untracked 
|  55|0x0000000088f00000, 0x0000000088f00000, 0x0000000089000000|  0%| F|  |TAMS 0x0000000088f00000, 0x0000000088f00000| Untracked 
|  56|0x0000000089000000, 0x0000000089000000, 0x0000000089100000|  0%| F|  |TAMS 0x0000000089000000, 0x0000000089000000| Untracked 
|  57|0x0000000089100000, 0x0000000089100000, 0x0000000089200000|  0%| F|  |TAMS 0x0000000089100000, 0x0000000089100000| Untracked 
|  58|0x0000000089200000, 0x0000000089200000, 0x0000000089300000|  0%| F|  |TAMS 0x0000000089200000, 0x0000000089200000| Untracked 
|  59|0x0000000089300000, 0x0000000089300000, 0x0000000089400000|  0%| F|  |TAMS 0x0000000089300000, 0x0000000089300000| Untracked 
|  60|0x0000000089400000, 0x0000000089400000, 0x0000000089500000|  0%| F|  |TAMS 0x0000000089400000, 0x0000000089400000| Untracked 
|  61|0x0000000089500000, 0x0000000089500000, 0x0000000089600000|  0%| F|  |TAMS 0x0000000089500000, 0x0000000089500000| Untracked 
|  62|0x0000000089600000, 0x0000000089600000, 0x0000000089700000|  0%| F|  |TAMS 0x0000000089600000, 0x0000000089600000| Untracked 
|  63|0x0000000089700000, 0x0000000089700000, 0x0000000089800000|  0%| F|  |TAMS 0x0000000089700000, 0x0000000089700000| Untracked 
|  64|0x0000000089800000, 0x0000000089800000, 0x0000000089900000|  0%| F|  |TAMS 0x0000000089800000, 0x0000000089800000| Untracked 
|  65|0x0000000089900000, 0x0000000089900000, 0x0000000089a00000|  0%| F|  |TAMS 0x0000000089900000, 0x0000000089900000| Untracked 
|  66|0x0000000089a00000, 0x0000000089a00000, 0x0000000089b00000|  0%| F|  |TAMS 0x0000000089a00000, 0x0000000089a00000| Untracked 
|  67|0x0000000089b00000, 0x0000000089b00000, 0x0000000089c00000|  0%| F|  |TAMS 0x0000000089b00000, 0x0000000089b00000| Untracked 
|  68|0x0000000089c00000, 0x0000000089c00000, 0x0000000089d00000|  0%| F|  |TAMS 0x0000000089c00000, 0x0000000089c00000| Untracked 
|  69|0x0000000089d00000, 0x0000000089d00000, 0x0000000089e00000|  0%| F|  |TAMS 0x0000000089d00000, 0x0000000089d00000| Untracked 
|  70|0x0000000089e00000, 0x0000000089e00000, 0x0000000089f00000|  0%| F|  |TAMS 0x0000000089e00000, 0x0000000089e00000| Untracked 
|  71|0x0000000089f00000, 0x0000000089f00000, 0x000000008a000000|  0%| F|  |TAMS 0x0000000089f00000, 0x0000000089f00000| Untracked 
|  72|0x000000008a000000, 0x000000008a000000, 0x000000008a100000|  0%| F|  |TAMS 0x000000008a000000, 0x000000008a000000| Untracked 
|  73|0x000000008a100000, 0x000000008a100000, 0x000000008a200000|  0%| F|  |TAMS 0x000000008a100000, 0x000000008a100000| Untracked 
|  74|0x000000008a200000, 0x000000008a200000, 0x000000008a300000|  0%| F|  |TAMS 0x000000008a200000, 0x000000008a200000| Untracked 
|  75|0x000000008a300000, 0x000000008a300000, 0x000000008a400000|  0%| F|  |TAMS 0x000000008a300000, 0x000000008a300000| Untracked 
|  76|0x000000008a400000, 0x000000008a400000, 0x000000008a500000|  0%| F|  |TAMS 0x000000008a400000, 0x000000008a400000| Untracked 
|  77|0x000000008a500000, 0x000000008a500000, 0x000000008a600000|  0%| F|  |TAMS 0x000000008a500000, 0x000000008a500000| Untracked 
|  78|0x000000008a600000, 0x000000008a600000, 0x000000008a700000|  0%| F|  |TAMS 0x000000008a600000, 0x000000008a600000| Untracked 
|  79|0x000000008a700000, 0x000000008a700000, 0x000000008a800000|  0%| F|  |TAMS 0x000000008a700000, 0x000000008a700000| Untracked 
|  80|0x000000008a800000, 0x000000008a800000, 0x000000008a900000|  0%| F|  |TAMS 0x000000008a800000, 0x000000008a800000| Untracked 
|  81|0x000000008a900000, 0x000000008a900000, 0x000000008aa00000|  0%| F|  |TAMS 0x000000008a900000, 0x000000008a900000| Untracked 
|  82|0x000000008aa00000, 0x000000008aa00000, 0x000000008ab00000|  0%| F|  |TAMS 0x000000008aa00000, 0x000000008aa00000| Untracked 
|  83|0x000000008ab00000, 0x000000008ab00000, 0x000000008ac00000|  0%| F|  |TAMS 0x000000008ab00000, 0x000000008ab00000| Untracked 
|  84|0x000000008ac00000, 0x000000008ac00000, 0x000000008ad00000|  0%| F|  |TAMS 0x000000008ac00000, 0x000000008ac00000| Untracked 
|  85|0x000000008ad00000, 0x000000008ad00000, 0x000000008ae00000|  0%| F|  |TAMS 0x000000008ad00000, 0x000000008ad00000| Untracked 
|  86|0x000000008ae00000, 0x000000008ae00000, 0x000000008af00000|  0%| F|  |TAMS 0x000000008ae00000, 0x000000008ae00000| Untracked 
|  87|0x000000008af00000, 0x000000008af00000, 0x000000008b000000|  0%| F|  |TAMS 0x000000008af00000, 0x000000008af00000| Untracked 
|  88|0x000000008b000000, 0x000000008b000000, 0x000000008b100000|  0%| F|  |TAMS 0x000000008b000000, 0x000000008b000000| Untracked 
|  89|0x000000008b100000, 0x000000008b100000, 0x000000008b200000|  0%| F|  |TAMS 0x000000008b100000, 0x000000008b100000| Untracked 
|  90|0x000000008b200000, 0x000000008b200000, 0x000000008b300000|  0%| F|  |TAMS 0x000000008b200000, 0x000000008b200000| Untracked 
|  91|0x000000008b300000, 0x000000008b300000, 0x000000008b400000|  0%| F|  |TAMS 0x000000008b300000, 0x000000008b300000| Untracked 
|  92|0x000000008b400000, 0x000000008b400000, 0x000000008b500000|  0%| F|  |TAMS 0x000000008b400000, 0x000000008b400000| Untracked 
|  93|0x000000008b500000, 0x000000008b500000, 0x000000008b600000|  0%| F|  |TAMS 0x000000008b500000, 0x000000008b500000| Untracked 
|  94|0x000000008b600000, 0x000000008b600000, 0x000000008b700000|  0%| F|  |TAMS 0x000000008b600000, 0x000000008b600000| Untracked 
|  95|0x000000008b700000, 0x000000008b700000, 0x000000008b800000|  0%| F|  |TAMS 0x000000008b700000, 0x000000008b700000| Untracked 
|  96|0x000000008b800000, 0x000000008b900000, 0x000000008b900000|100%| S|CS|TAMS 0x000000008b800000, 0x000000008b800000| Complete 
|  97|0x000000008b900000, 0x000000008ba00000, 0x000000008ba00000|100%| S|CS|TAMS 0x000000008b900000, 0x000000008b900000| Complete 
|  98|0x000000008ba00000, 0x000000008bb00000, 0x000000008bb00000|100%| S|CS|TAMS 0x000000008ba00000, 0x000000008ba00000| Complete 
|  99|0x000000008bb00000, 0x000000008bb00000, 0x000000008bc00000|  0%| F|  |TAMS 0x000000008bb00000, 0x000000008bb00000| Untracked 
| 100|0x000000008bc00000, 0x000000008bc00000, 0x000000008bd00000|  0%| F|  |TAMS 0x000000008bc00000, 0x000000008bc00000| Untracked 
| 101|0x000000008bd00000, 0x000000008bd00000, 0x000000008be00000|  0%| F|  |TAMS 0x000000008bd00000, 0x000000008bd00000| Untracked 
| 102|0x000000008be00000, 0x000000008be00000, 0x000000008bf00000|  0%| F|  |TAMS 0x000000008be00000, 0x000000008be00000| Untracked 
| 103|0x000000008bf00000, 0x000000008bf00000, 0x000000008c000000|  0%| F|  |TAMS 0x000000008bf00000, 0x000000008bf00000| Untracked 
| 104|0x000000008c000000, 0x000000008c000000, 0x000000008c100000|  0%| F|  |TAMS 0x000000008c000000, 0x000000008c000000| Untracked 
| 105|0x000000008c100000, 0x000000008c100000, 0x000000008c200000|  0%| F|  |TAMS 0x000000008c100000, 0x000000008c100000| Untracked 
| 106|0x000000008c200000, 0x000000008c200000, 0x000000008c300000|  0%| F|  |TAMS 0x000000008c200000, 0x000000008c200000| Untracked 
| 107|0x000000008c300000, 0x000000008c300000, 0x000000008c400000|  0%| F|  |TAMS 0x000000008c300000, 0x000000008c300000| Untracked 
| 108|0x000000008c400000, 0x000000008c400000, 0x000000008c500000|  0%| F|  |TAMS 0x000000008c400000, 0x000000008c400000| Untracked 
| 109|0x000000008c500000, 0x000000008c500000, 0x000000008c600000|  0%| F|  |TAMS 0x000000008c500000, 0x000000008c500000| Untracked 
| 110|0x000000008c600000, 0x000000008c600000, 0x000000008c700000|  0%| F|  |TAMS 0x000000008c600000, 0x000000008c600000| Untracked 
| 111|0x000000008c700000, 0x000000008c700000, 0x000000008c800000|  0%| F|  |TAMS 0x000000008c700000, 0x000000008c700000| Untracked 
| 112|0x000000008c800000, 0x000000008c800000, 0x000000008c900000|  0%| F|  |TAMS 0x000000008c800000, 0x000000008c800000| Untracked 
| 113|0x000000008c900000, 0x000000008c900000, 0x000000008ca00000|  0%| F|  |TAMS 0x000000008c900000, 0x000000008c900000| Untracked 
| 114|0x000000008ca00000, 0x000000008ca00000, 0x000000008cb00000|  0%| F|  |TAMS 0x000000008ca00000, 0x000000008ca00000| Untracked 
| 115|0x000000008cb00000, 0x000000008cb00000, 0x000000008cc00000|  0%| F|  |TAMS 0x000000008cb00000, 0x000000008cb00000| Untracked 
| 116|0x000000008cc00000, 0x000000008cc00000, 0x000000008cd00000|  0%| F|  |TAMS 0x000000008cc00000, 0x000000008cc00000| Untracked 
| 117|0x000000008cd00000, 0x000000008cd00000, 0x000000008ce00000|  0%| F|  |TAMS 0x000000008cd00000, 0x000000008cd00000| Untracked 
| 118|0x000000008ce00000, 0x000000008ce00000, 0x000000008cf00000|  0%| F|  |TAMS 0x000000008ce00000, 0x000000008ce00000| Untracked 
| 119|0x000000008cf00000, 0x000000008cf00000, 0x000000008d000000|  0%| F|  |TAMS 0x000000008cf00000, 0x000000008cf00000| Untracked 
| 120|0x000000008d000000, 0x000000008d000000, 0x000000008d100000|  0%| F|  |TAMS 0x000000008d000000, 0x000000008d000000| Untracked 
| 121|0x000000008d100000, 0x000000008d100000, 0x000000008d200000|  0%| F|  |TAMS 0x000000008d100000, 0x000000008d100000| Untracked 
| 122|0x000000008d200000, 0x000000008d269e98, 0x000000008d300000| 41%| E|  |TAMS 0x000000008d200000, 0x000000008d200000| Complete 
| 123|0x000000008d300000, 0x000000008d400000, 0x000000008d400000|100%| E|CS|TAMS 0x000000008d300000, 0x000000008d300000| Complete 

Card table byte_map: [0x000001d75ef30000,0x000001d75f310000] _byte_map_base: 0x000001d75eb04000

Marking Bits (Prev, Next): (CMBitMap*) 0x000001d747c4dd30, (CMBitMap*) 0x000001d747c4dd70
 Prev Bits: [0x000001d75f6f0000, 0x000001d761590000)
 Next Bits: [0x000001d761590000, 0x000001d763430000)

Polling page: 0x000001d745b50000

Metaspace:

Usage:
  Non-class:     10.25 MB used.
      Class:      1.45 MB used.
       Both:     11.70 MB used.

Virtual space:
  Non-class space:       64.00 MB reserved,      10.38 MB ( 16%) committed,  1 nodes.
      Class space:        1.00 GB reserved,       1.56 MB ( <1%) committed,  1 nodes.
             Both:        1.06 GB reserved,      11.94 MB (  1%) committed. 

Chunk freelists:
   Non-Class:  1.67 MB
       Class:  2.36 MB
        Both:  4.03 MB

MaxMetaspaceSize: unlimited
CompressedClassSpaceSize: 1.00 GB
Initial GC threshold: 21.00 MB
Current GC threshold: 21.00 MB
CDS: on
MetaspaceReclaimPolicy: balanced
 - commit_granule_bytes: 65536.
 - commit_granule_words: 8192.
 - virtual_space_node_default_size: 8388608.
 - enlarge_chunks_in_place: 1.
 - new_chunks_are_fully_committed: 0.
 - uncommit_free_chunks: 1.
 - use_allocation_guard: 0.


Internal statistics:

num_allocs_failed_limit: 0.
num_arena_births: 188.
num_arena_deaths: 0.
num_vsnodes_births: 2.
num_vsnodes_deaths: 0.
num_space_committed: 191.
num_space_uncommitted: 0.
num_chunks_returned_to_freelist: 0.
num_chunks_taken_from_freelist: 595.
num_chunk_merges: 0.
num_chunk_splits: 358.
num_chunks_enlarged: 265.
num_inconsistent_stats: 0.

CodeHeap 'non-profiled nmethods': size=120000Kb used=670Kb max_used=670Kb free=119329Kb
 bounds [0x000001d757620000, 0x000001d757890000, 0x000001d75eb50000]
CodeHeap 'profiled nmethods': size=120000Kb used=3598Kb max_used=3598Kb free=116401Kb
 bounds [0x000001d74fb50000, 0x000001d74fee0000, 0x000001d757080000]
CodeHeap 'non-nmethods': size=5760Kb used=1256Kb max_used=1298Kb free=4503Kb
 bounds [0x000001d757080000, 0x000001d7572f0000, 0x000001d757620000]
 total_blobs=2291 nmethods=1823 adapters=378
 compilation: enabled
              stopped_count=0, restarted_count=0
 full_count=0

Compilation events (20 events):
Event: 2.924 Thread 0x000001d765914190 1768       3       org.springframework.boot.context.properties.source.ConfigurationPropertyName$ElementsParser::isAlphaNumeric (20 bytes)
Event: 2.924 Thread 0x000001d765914190 nmethod 1768 0x000001d74feb9910 code [0x000001d74feb9ac0, 0x000001d74feb9e18]
Event: 2.924 Thread 0x000001d765914190 1766       1       org.springframework.boot.context.properties.source.ConfigurationPropertyName$Elements::getSize (5 bytes)
Event: 2.924 Thread 0x000001d765914190 nmethod 1766 0x000001d7576c5c10 code [0x000001d7576c5da0, 0x000001d7576c5e58]
Event: 2.925 Thread 0x000001d765914190 1769       3       org.springframework.boot.context.properties.source.ConfigurationPropertyName$ElementsParser::isValidChar (30 bytes)
Event: 2.925 Thread 0x000001d765914190 nmethod 1769 0x000001d74feb9f10 code [0x000001d74feba0c0, 0x000001d74feba498]
Event: 2.925 Thread 0x000001d765914190 1770       3       org.springframework.boot.context.properties.source.ConfigurationPropertyName$ElementsParser::updateType (109 bytes)
Event: 2.926 Thread 0x000001d765914190 nmethod 1770 0x000001d74feba590 code [0x000001d74feba860, 0x000001d74febba18]
Event: 2.926 Thread 0x000001d765914190 1773       3       org.springframework.boot.context.properties.source.ConfigurationPropertyName::hashCode (127 bytes)
Event: 2.927 Thread 0x000001d765914190 nmethod 1773 0x000001d74febbd10 code [0x000001d74febbf60, 0x000001d74febc958]
Event: 2.927 Thread 0x000001d765914190 1771       3       org.springframework.boot.context.properties.source.ConfigurationPropertyName$Elements::getType (7 bytes)
Event: 2.927 Thread 0x000001d765914190 nmethod 1771 0x000001d74febcd10 code [0x000001d74febcea0, 0x000001d74febcfd8]
Event: 2.927 Thread 0x000001d765914190 1772       3       org.springframework.boot.context.properties.source.ConfigurationPropertyName$Elements::getLength (46 bytes)
Event: 2.928 Thread 0x000001d765914190 nmethod 1772 0x000001d74febd090 code [0x000001d74febd260, 0x000001d74febd548]
Event: 2.928 Thread 0x000001d765914190 1774       3       org.springframework.boot.context.properties.source.ConfigurationPropertyName::getNumberOfElements (8 bytes)
Event: 2.928 Thread 0x000001d765914190 nmethod 1774 0x000001d74febd710 code [0x000001d74febd8a0, 0x000001d74febd9d8]
Event: 2.928 Thread 0x000001d765914190 1776       3       java.lang.invoke.MemberName::equals (69 bytes)
Event: 2.929 Thread 0x000001d765914190 nmethod 1776 0x000001d74febda90 code [0x000001d74febdd20, 0x000001d74febea58]
Event: 2.929 Thread 0x000001d765914190 1775       1       org.springframework.core.env.PropertySource::getName (5 bytes)
Event: 2.929 Thread 0x000001d765914190 nmethod 1775 0x000001d7576c5f10 code [0x000001d7576c60a0, 0x000001d7576c6158]

GC Heap History (5 events):
Event: 0.923 GC heap before
{Heap before GC invocations=0 (full 0):
 garbage-first heap   total 126976K, used 12288K [0x0000000085800000, 0x0000000100000000)
  region size 1024K, 13 young (13312K), 0 survivors (0K)
 Metaspace       used 2500K, committed 2688K, reserved 1114112K
  class space    used 234K, committed 320K, reserved 1048576K
}
Event: 0.933 GC heap after
{Heap after GC invocations=1 (full 0):
 garbage-first heap   total 126976K, used 6588K [0x0000000085800000, 0x0000000100000000)
  region size 1024K, 2 young (2048K), 2 survivors (2048K)
 Metaspace       used 2500K, committed 2688K, reserved 1114112K
  class space    used 234K, committed 320K, reserved 1048576K
}
Event: 1.480 GC heap before
{Heap before GC invocations=1 (full 0):
 garbage-first heap   total 126976K, used 16828K [0x0000000085800000, 0x0000000100000000)
  region size 1024K, 12 young (12288K), 2 survivors (2048K)
 Metaspace       used 4936K, committed 5120K, reserved 1114112K
  class space    used 598K, committed 704K, reserved 1048576K
}
Event: 1.487 GC heap after
{Heap after GC invocations=2 (full 0):
 garbage-first heap   total 126976K, used 7934K [0x0000000085800000, 0x0000000100000000)
  region size 1024K, 2 young (2048K), 2 survivors (2048K)
 Metaspace       used 4936K, committed 5120K, reserved 1114112K
  class space    used 598K, committed 704K, reserved 1048576K
}
Event: 2.934 GC heap before
{Heap before GC invocations=2 (full 0):
 garbage-first heap   total 126976K, used 30462K [0x0000000085800000, 0x0000000100000000)
  region size 1024K, 25 young (25600K), 2 survivors (2048K)
 Metaspace       used 11728K, committed 11968K, reserved 1114112K
  class space    used 1444K, committed 1536K, reserved 1048576K
}

Dll operation events (10 events):
Event: 0.035 Loaded shared library C:\Program Files\Java\jdk-19\bin\java.dll
Event: 0.059 Loaded shared library C:\Program Files\Java\jdk-19\bin\jsvml.dll
Event: 0.329 Loaded shared library C:\Program Files\Java\jdk-19\bin\zip.dll
Event: 0.334 Loaded shared library C:\Program Files\Java\jdk-19\bin\instrument.dll
Event: 0.342 Loaded shared library C:\Program Files\Java\jdk-19\bin\net.dll
Event: 0.345 Loaded shared library C:\Program Files\Java\jdk-19\bin\nio.dll
Event: 0.351 Loaded shared library C:\Program Files\Java\jdk-19\bin\zip.dll
Event: 0.377 Loaded shared library C:\Program Files\JetBrains\IntelliJ IDEA 2022.2.3\bin\breakgen64.dll
Event: 0.409 Loaded shared library C:\Program Files\Java\jdk-19\bin\extnet.dll
Event: 0.648 Loaded shared library C:\Program Files\Java\jdk-19\bin\jimage.dll

Deoptimization events (20 events):
Event: 2.071 Thread 0x000001d747bf0330 Uncommon trap: trap_request=0xffffff45 fr.pc=0x000001d75765233c relative=0x000000000000017c
Event: 2.071 Thread 0x000001d747bf0330 Uncommon trap: reason=unstable_if action=reinterpret pc=0x000001d75765233c method=java.util.zip.ZipCoder.hash(Ljava/lang/String;)I @ 23 c2
Event: 2.071 Thread 0x000001d747bf0330 DEOPT PACKING pc=0x000001d75765233c sp=0x0000007e8b0fc720
Event: 2.071 Thread 0x000001d747bf0330 DEOPT UNPACKING pc=0x000001d7570e6da3 sp=0x0000007e8b0fc6a8 mode 2
Event: 2.071 Thread 0x000001d747bf0330 Uncommon trap: trap_request=0xffffff45 fr.pc=0x000001d75766a1b4 relative=0x0000000000001514
Event: 2.071 Thread 0x000001d747bf0330 Uncommon trap: reason=unstable_if action=reinterpret pc=0x000001d75766a1b4 method=java.io.WinNTFileSystem.normalize(Ljava/lang/String;)Ljava/lang/String; @ 128 c2
Event: 2.071 Thread 0x000001d747bf0330 DEOPT PACKING pc=0x000001d75766a1b4 sp=0x0000007e8b0fc740
Event: 2.071 Thread 0x000001d747bf0330 DEOPT UNPACKING pc=0x000001d7570e6da3 sp=0x0000007e8b0fc718 mode 2
Event: 2.076 Thread 0x000001d747bf0330 Uncommon trap: trap_request=0xffffff45 fr.pc=0x000001d75763bfc0 relative=0x0000000000000040
Event: 2.076 Thread 0x000001d747bf0330 Uncommon trap: reason=unstable_if action=reinterpret pc=0x000001d75763bfc0 method=sun.nio.fs.WindowsPathParser.isSlash(C)Z @ 9 c2
Event: 2.076 Thread 0x000001d747bf0330 DEOPT PACKING pc=0x000001d75763bfc0 sp=0x0000007e8b0fca40
Event: 2.076 Thread 0x000001d747bf0330 DEOPT UNPACKING pc=0x000001d7570e6da3 sp=0x0000007e8b0fc9c8 mode 2
Event: 2.283 Thread 0x000001d747bf0330 DEOPT PACKING pc=0x000001d74fc6977d sp=0x0000007e8b0f9120
Event: 2.283 Thread 0x000001d747bf0330 DEOPT UNPACKING pc=0x000001d7570e7543 sp=0x0000007e8b0f85a8 mode 0
Event: 2.341 Thread 0x000001d747bf0330 Uncommon trap: trap_request=0xffffff45 fr.pc=0x000001d75765aa5c relative=0x00000000000000bc
Event: 2.341 Thread 0x000001d747bf0330 Uncommon trap: reason=unstable_if action=reinterpret pc=0x000001d75765aa5c method=sun.reflect.generics.parser.SignatureParser.current()C @ 39 c2
Event: 2.341 Thread 0x000001d747bf0330 DEOPT PACKING pc=0x000001d75765aa5c sp=0x0000007e8b0fb960
Event: 2.341 Thread 0x000001d747bf0330 DEOPT UNPACKING pc=0x000001d7570e6da3 sp=0x0000007e8b0fb8f8 mode 2
Event: 2.454 Thread 0x000001d747bf0330 DEOPT PACKING pc=0x000001d74fc6977d sp=0x0000007e8b0fc150
Event: 2.454 Thread 0x000001d747bf0330 DEOPT UNPACKING pc=0x000001d7570e7543 sp=0x0000007e8b0fb5d8 mode 0

Classes loaded (20 events):
Event: 2.851 Loading class javax/naming/NamingException
Event: 2.852 Loading class javax/naming/NamingException done
Event: 2.852 Loading class com/sun/naming/internal/ResourceManager
Event: 2.853 Loading class com/sun/naming/internal/ResourceManager done
Event: 2.853 Loading class com/sun/naming/internal/VersionHelper
Event: 2.853 Loading class com/sun/naming/internal/VersionHelper done
Event: 2.855 Loading class com/sun/naming/internal/VersionHelper$InputStreamEnumeration
Event: 2.855 Loading class javax/naming/NamingEnumeration
Event: 2.855 Loading class javax/naming/NamingEnumeration done
Event: 2.855 Loading class com/sun/naming/internal/VersionHelper$InputStreamEnumeration done
Event: 2.857 Loading class sun/nio/fs/WindowsException
Event: 2.857 Loading class sun/nio/fs/WindowsException done
Event: 2.857 Loading class java/util/Hashtable$KeySet
Event: 2.858 Loading class java/util/Hashtable$KeySet done
Event: 2.858 Loading class javax/naming/spi/NamingManager
Event: 2.859 Loading class javax/naming/spi/NamingManager done
Event: 2.859 Loading class javax/naming/NoInitialContextException
Event: 2.859 Loading class javax/naming/NoInitialContextException done
Event: 2.931 Loading class java/lang/ProcessEnvironment$CheckedKeySet
Event: 2.931 Loading class java/lang/ProcessEnvironment$CheckedKeySet done

Classes unloaded (0 events):
No events

Classes redefined (0 events):
No events

Internal exceptions (20 events):
Event: 1.396 Thread 0x000001d747bf0330 Exception <a 'java/lang/NoSuchMethodError'{0x000000008cb9f268}: 'int java.lang.invoke.DirectMethodHandle$Holder.invokeStaticInit(java.lang.Object, java.lang.Object)'> (0x000000008cb9f268) 
thrown [s\open\src\hotspot\share\interpreter\linkResolver.cpp, line 774]
Event: 1.614 Thread 0x000001d747bf0330 Exception <a 'java/lang/ClassNotFoundException'{0x000000008d2ee5e8}: javax/smartcardio/CardPermission> (0x000000008d2ee5e8) 
thrown [s\open\src\hotspot\share\classfile\systemDictionary.cpp, line 255]
Event: 1.630 Thread 0x000001d747bf0330 Exception <a 'java/io/FileNotFoundException'{0x000000008d2fd2e0}> (0x000000008d2fd2e0) 
thrown [s\open\src\hotspot\share\prims\jni.cpp, line 517]
Event: 1.670 Thread 0x000001d747bf0330 Implicit null exception at 0x000001d7576780a0 to 0x000001d757678da0
Event: 1.838 Thread 0x000001d747bf0330 Exception <a 'java/lang/NoSuchMethodError'{0x000000008ce98578}: 'int java.lang.invoke.DirectMethodHandle$Holder.invokeStaticInit(java.lang.Object, java.lang.Object, java.lang.Object)'> (0x000000008ce98578) 
thrown [s\open\src\hotspot\share\interpreter\linkResolver.cpp, line 774]
Event: 1.875 Thread 0x000001d747bf0330 Exception <a 'java/lang/NoSuchMethodError'{0x000000008cd7a370}: 'int java.lang.invoke.DirectMethodHandle$Holder.invokeInterface(java.lang.Object, java.lang.Object)'> (0x000000008cd7a370) 
thrown [s\open\src\hotspot\share\interpreter\linkResolver.cpp, line 774]
Event: 1.916 Thread 0x000001d747bf0330 Exception <a 'java/lang/NoSuchMethodError'{0x000000008cc550c0}: 'void java.lang.invoke.DirectMethodHandle$Holder.invokeStaticInit(java.lang.Object, java.lang.Object)'> (0x000000008cc550c0) 
thrown [s\open\src\hotspot\share\interpreter\linkResolver.cpp, line 774]
Event: 2.067 Thread 0x000001d747bf0330 Exception <a 'java/lang/NoSuchMethodError'{0x000000008cad35d0}: 'int java.lang.invoke.DirectMethodHandle$Holder.invokeSpecial(java.lang.Object, java.lang.Object, java.lang.Object, java.lang.Object)'> (0x000000008cad35d0) 
thrown [s\open\src\hotspot\share\interpreter\linkResolver.cpp, line 774]
Event: 2.077 Thread 0x000001d747bf0330 Exception <a 'java/lang/NoSuchMethodError'{0x000000008caefbe0}: 'int java.lang.invoke.DirectMethodHandle$Holder.invokeSpecial(java.lang.Object, java.lang.Object, java.lang.Object, java.lang.Object, java.lang.Object)'> (0x000000008caefbe0) 
thrown [s\open\src\hotspot\share\interpreter\linkResolver.cpp, line 774]
Event: 2.081 Thread 0x000001d747bf0330 Exception <a 'java/lang/NoSuchMethodError'{0x000000008caf8f68}: 'void java.lang.invoke.DirectMethodHandle$Holder.invokeVirtual(java.lang.Object, java.lang.Object)'> (0x000000008caf8f68) 
thrown [s\open\src\hotspot\share\interpreter\linkResolver.cpp, line 774]
Event: 2.273 Thread 0x000001d747bf0330 Exception <a 'java/lang/NoSuchMethodError'{0x000000008c5e1790}: 'void java.lang.invoke.DirectMethodHandle$Holder.invokeVirtual(java.lang.Object, java.lang.Object, java.lang.Object, java.lang.Object)'> (0x000000008c5e1790) 
thrown [s\open\src\hotspot\share\interpreter\linkResolver.cpp, line 774]
Event: 2.498 Thread 0x000001d747bf0330 Exception <a 'java/lang/NoSuchMethodError'{0x000000008c1629f8}: 'java.lang.Object java.lang.invoke.DirectMethodHandle$Holder.newInvokeSpecial(java.lang.Object, java.lang.Object, java.lang.Object, java.lang.Object, java.lang.Object, java.lang.Object, java.lang.Object)'> (0x000000008c1629f8) 
thrown [s\open\src\hotspot\share\interpreter\linkResolver.cpp, line 774]
Event: 2.545 Thread 0x000001d747bf0330 Exception <a 'java/lang/NoClassDefFoundError'{0x000000008c02f960}: io/micrometer/context/ThreadLocalAccessor> (0x000000008c02f960) 
thrown [s\open\src\hotspot\share\classfile\systemDictionary.cpp, line 244]
Event: 2.547 Thread 0x000001d747bf0330 Exception <a 'java/lang/ExceptionInInitializerError'{0x000000008c034288}> (0x000000008c034288) 
thrown [s\open\src\hotspot\share\oops\instanceKlass.cpp, line 1173]
Event: 2.567 Thread 0x000001d747bf0330 Exception <a 'java/lang/NoSuchMethodError'{0x000000008c070ae0}: 'int java.lang.invoke.Invokers$Holder.invokeExact_MT(java.lang.Object, java.lang.Object)'> (0x000000008c070ae0) 
thrown [s\open\src\hotspot\share\interpreter\linkResolver.cpp, line 774]
Event: 2.579 Thread 0x000001d747bf0330 Exception <a 'java/lang/NoSuchMethodError'{0x000000008c0a6878}: 'int java.lang.invoke.DirectMethodHandle$Holder.invokeVirtual(java.lang.Object, java.lang.Object, java.lang.Object)'> (0x000000008c0a6878) 
thrown [s\open\src\hotspot\share\interpreter\linkResolver.cpp, line 774]
Event: 2.591 Thread 0x000001d747bf0330 Exception <a 'java/lang/NoSuchMethodError'{0x000000008c0ddfe8}: 'java.lang.Object java.lang.invoke.DirectMethodHandle$Holder.invokeInterface(java.lang.Object, java.lang.Object, java.lang.Object, java.lang.Object, java.lang.Object)'> (0x000000008c0ddfe8) 
thrown [s\open\src\hotspot\share\interpreter\linkResolver.cpp, line 774]
Event: 2.591 Thread 0x000001d747bf0330 Exception <a 'java/lang/IncompatibleClassChangeError'{0x000000008c0e1df8}: Found class java.lang.Object, but interface was expected> (0x000000008c0e1df8) 
thrown [s\open\src\hotspot\share\interpreter\linkResolver.cpp, line 841]
Event: 2.825 Thread 0x000001d747bf0330 Exception <a 'java/lang/IncompatibleClassChangeError'{0x000000008bcd2be8}: Found class java.lang.Object, but interface was expected> (0x000000008bcd2be8) 
thrown [s\open\src\hotspot\share\interpreter\linkResolver.cpp, line 841]
Event: 2.857 Thread 0x000001d747bf0330 Exception <a 'sun/nio/fs/WindowsException'{0x000000008bb14f08}> (0x000000008bb14f08) 
thrown [s\open\src\hotspot\share\prims\jni.cpp, line 517]

VM Operations (20 events):
Event: 1.336 Executing VM operation: HandshakeAllThreads done
Event: 1.480 Executing VM operation: G1CollectForAllocation
Event: 1.487 Executing VM operation: G1CollectForAllocation done
Event: 1.531 Executing VM operation: HandshakeAllThreads
Event: 1.531 Executing VM operation: HandshakeAllThreads done
Event: 1.636 Executing VM operation: HandshakeAllThreads
Event: 1.636 Executing VM operation: HandshakeAllThreads done
Event: 1.739 Executing VM operation: HandshakeAllThreads
Event: 1.739 Executing VM operation: HandshakeAllThreads done
Event: 1.739 Executing VM operation: HandshakeAllThreads
Event: 1.739 Executing VM operation: HandshakeAllThreads done
Event: 1.878 Executing VM operation: HandshakeAllThreads
Event: 1.878 Executing VM operation: HandshakeAllThreads done
Event: 2.033 Executing VM operation: HandshakeAllThreads
Event: 2.033 Executing VM operation: HandshakeAllThreads done
Event: 2.597 Executing VM operation: HandshakeAllThreads
Event: 2.597 Executing VM operation: HandshakeAllThreads done
Event: 2.597 Executing VM operation: Cleanup
Event: 2.597 Executing VM operation: Cleanup done
Event: 2.933 Executing VM operation: G1CollectForAllocation

Events (13 events):
Event: 0.060 Thread 0x000001d747bf0330 Thread added: 0x000001d747bf0330
Event: 0.096 Thread 0x000001d765904310 Thread added: 0x000001d765904310
Event: 0.096 Thread 0x000001d765905840 Thread added: 0x000001d765905840
Event: 0.097 Thread 0x000001d765907630 Thread added: 0x000001d765907630
Event: 0.097 Thread 0x000001d765909710 Thread added: 0x000001d765909710
Event: 0.097 Thread 0x000001d76590c400 Thread added: 0x000001d76590c400
Event: 0.097 Thread 0x000001d76590d1b0 Thread added: 0x000001d76590d1b0
Event: 0.098 Thread 0x000001d76590fea0 Thread added: 0x000001d76590fea0
Event: 0.098 Thread 0x000001d765914190 Thread added: 0x000001d765914190
Event: 0.098 Thread 0x000001d765918a00 Thread added: 0x000001d765918a00
Event: 0.294 Thread 0x000001d76591a9e0 Thread added: 0x000001d76591a9e0
Event: 0.378 Thread 0x000001d76591af30 Thread added: 0x000001d76591af30
Event: 0.378 Thread 0x000001d765918f50 Thread added: 0x000001d765918f50


Dynamic libraries:
0x00007ff6829e0000 - 0x00007ff6829f0000 	C:\Program Files\Java\jdk-19\bin\java.exe
0x00007ffff9df0000 - 0x00007ffff9fe8000 	C:\Windows\SYSTEM32\ntdll.dll
0x00007ffff8f70000 - 0x00007ffff902f000 	C:\Windows\System32\KERNEL32.DLL
0x00007ffff74d0000 - 0x00007ffff77c6000 	C:\Windows\System32\KERNELBASE.dll
0x00007ffff77d0000 - 0x00007ffff78d0000 	C:\Windows\System32\ucrtbase.dll
0x00007ffff28e0000 - 0x00007ffff28f8000 	C:\Program Files\Java\jdk-19\bin\jli.dll
0x00007ffff8830000 - 0x00007ffff88df000 	C:\Windows\System32\ADVAPI32.dll
0x00007ffff8950000 - 0x00007ffff89ee000 	C:\Windows\System32\msvcrt.dll
0x00007ffff94b0000 - 0x00007ffff954c000 	C:\Windows\System32\sechost.dll
0x00007ffff7e80000 - 0x00007ffff7fa6000 	C:\Windows\System32\RPCRT4.dll
0x00007ffff8ad0000 - 0x00007ffff8c6d000 	C:\Windows\System32\USER32.dll
0x00007ffff7d00000 - 0x00007ffff7d22000 	C:\Windows\System32\win32u.dll
0x00007ffff8c70000 - 0x00007ffff8c9c000 	C:\Windows\System32\GDI32.dll
0x00007ffff7be0000 - 0x00007ffff7cf5000 	C:\Windows\System32\gdi32full.dll
0x00007ffff7a80000 - 0x00007ffff7b1d000 	C:\Windows\System32\msvcp_win.dll
0x00007ffff28c0000 - 0x00007ffff28db000 	C:\Program Files\Java\jdk-19\bin\VCRUNTIME140.dll
0x00007fffe32b0000 - 0x00007fffe354a000 	C:\Windows\WinSxS\amd64_microsoft.windows.common-controls_6595b64144ccf1df_6.0.19041.1110_none_60b5254171f9507e\COMCTL32.dll
0x00007fffef110000 - 0x00007fffef11a000 	C:\Windows\SYSTEM32\VERSION.dll
0x00007ffff89f0000 - 0x00007ffff8a20000 	C:\Windows\System32\IMM32.DLL
0x00007ffff2950000 - 0x00007ffff295c000 	C:\Program Files\Java\jdk-19\bin\vcruntime140_1.dll
0x00007fffe6bf0000 - 0x00007fffe6c7e000 	C:\Program Files\Java\jdk-19\bin\msvcp140.dll
0x00007fff89e00000 - 0x00007fff8aac0000 	C:\Program Files\Java\jdk-19\bin\server\jvm.dll
0x00007fffdc430000 - 0x00007fffdc439000 	C:\Windows\SYSTEM32\WSOCK32.dll
0x00007ffff8ca0000 - 0x00007ffff8d0b000 	C:\Windows\System32\WS2_32.dll
0x00007fffe1150000 - 0x00007fffe1177000 	C:\Windows\SYSTEM32\WINMM.dll
0x00007ffff5cd0000 - 0x00007ffff5ce2000 	C:\Windows\SYSTEM32\kernel.appcore.dll
0x00007ffff0270000 - 0x00007ffff027a000 	C:\Program Files\Java\jdk-19\bin\jimage.dll
0x00007ffff48a0000 - 0x00007ffff4a84000 	C:\Windows\SYSTEM32\DBGHELP.DLL
0x00007fffde510000 - 0x00007fffde544000 	C:\Windows\SYSTEM32\dbgcore.DLL
0x00007ffff7b20000 - 0x00007ffff7ba2000 	C:\Windows\System32\bcryptPrimitives.dll
0x00007fffec070000 - 0x00007fffec07e000 	C:\Program Files\Java\jdk-19\bin\instrument.dll
0x00007fffec090000 - 0x00007fffec0b6000 	C:\Program Files\Java\jdk-19\bin\java.dll
0x00007fffc6270000 - 0x00007fffc6347000 	C:\Program Files\Java\jdk-19\bin\jsvml.dll
0x00007ffff8060000 - 0x00007ffff87a4000 	C:\Windows\System32\SHELL32.dll
0x00007ffff54f0000 - 0x00007ffff5c83000 	C:\Windows\SYSTEM32\windows.storage.dll
0x00007ffff9a50000 - 0x00007ffff9da4000 	C:\Windows\System32\combase.dll
0x00007ffff6d60000 - 0x00007ffff6d8e000 	C:\Windows\SYSTEM32\Wldp.dll
0x00007ffff7fb0000 - 0x00007ffff805d000 	C:\Windows\System32\SHCORE.dll
0x00007ffff9450000 - 0x00007ffff94a5000 	C:\Windows\System32\shlwapi.dll
0x00007ffff7410000 - 0x00007ffff742f000 	C:\Windows\SYSTEM32\profapi.dll
0x00007fffec220000 - 0x00007fffec238000 	C:\Program Files\Java\jdk-19\bin\zip.dll
0x00007ffff0250000 - 0x00007ffff0263000 	C:\Program Files\Java\jdk-19\bin\net.dll
0x00007fffe7ce0000 - 0x00007fffe7dea000 	C:\Windows\SYSTEM32\WINHTTP.dll
0x00007ffff6b40000 - 0x00007ffff6baa000 	C:\Windows\system32\mswsock.dll
0x00007fffef150000 - 0x00007fffef166000 	C:\Program Files\Java\jdk-19\bin\nio.dll
0x00007fffeb9e0000 - 0x00007fffeb9fa000 	C:\Program Files\JetBrains\IntelliJ IDEA 2022.2.3\bin\breakgen64.dll
0x00007fffec490000 - 0x00007fffec498000 	C:\Program Files\Java\jdk-19\bin\extnet.dll

dbghelp: loaded successfully - version: 4.0.5 - missing functions: none
symbol engine: initialized successfully - sym options: 0x614 - pdb path: .;C:\Program Files\Java\jdk-19\bin;C:\Windows\SYSTEM32;C:\Windows\WinSxS\amd64_microsoft.windows.common-controls_6595b64144ccf1df_6.0.19041.1110_none_60b5254171f9507e;C:\Program Files\Java\jdk-19\bin\server;C:\Program Files\JetBrains\IntelliJ IDEA 2022.2.3\bin

VM Arguments:
jvm_args: -ea -Didea.test.cyclic.buffer.size=1048576 -javaagent:C:\Program Files\JetBrains\IntelliJ IDEA 2022.2.3\lib\idea_rt.jar=63059:C:\Program Files\JetBrains\IntelliJ IDEA 2022.2.3\bin -Dfile.encoding=UTF-8 -Dsun.stdout.encoding=UTF-8 -Dsun.stderr.encoding=UTF-8 
java_command: com.intellij.rt.junit.JUnitStarter -ideVersion5 -junit5 com.spedire.Spedire.SpedireUserServiceTest.ForgotPasswordTest,forgotPasswordMethodSendMailToUser
java_class_path (initial): C:\Users\ADMIN\.m2\repository\org\junit\platform\junit-platform-launcher\1.9.3\junit-platform-launcher-1.9.3.jar;C:\Program Files\JetBrains\IntelliJ IDEA 2022.2.3\lib\idea_rt.jar;C:\Program Files\JetBrains\IntelliJ IDEA 2022.2.3\plugins\junit\lib\junit5-rt.jar;C:\Program Files\JetBrains\IntelliJ IDEA 2022.2.3\plugins\junit\lib\junit-rt.jar;C:\Users\ADMIN\IdeaProjects\Spedire-Backend\Spedire\target\test-classes;C:\Users\ADMIN\IdeaProjects\Spedire-Backend\Spedire\target\classes;C:\Users\ADMIN\.m2\repository\org\springframework\boot\spring-boot-starter-data-mongodb\3.1.1\spring-boot-starter-data-mongodb-3.1.1.jar;C:\Users\ADMIN\.m2\repository\org\springframework\boot\spring-boot-starter\3.1.1\spring-boot-starter-3.1.1.jar;C:\Users\ADMIN\.m2\repository\org\springframework\boot\spring-boot-starter-logging\3.1.1\spring-boot-starter-logging-3.1.1.jar;C:\Users\ADMIN\.m2\repository\ch\qos\logback\logback-classic\1.4.8\logback-classic-1.4.8.jar;C:\Users\ADMIN\.m2\repository\ch\qos\logback\logback-core\1.4.8\logback-core-1.4.8.jar;C:\Users\ADMIN\.m2\repository\org\apache\logging\log4j\log4j-to-slf4j\2.20.0\log4j-to-slf4j-2.20.0.jar;C:\Users\ADMIN\.m2\repository\org\apache\logging\log4j\log4j-api\2.20.0\log4j-api-2.20.0.jar;C:\Users\ADMIN\.m2\repository\org\slf4j\jul-to-slf4j\2.0.7\jul-to-slf4j-2.0.7.jar;C:\Users\ADMIN\.m2\repository\jakarta\annotation\jakarta.annotation-api\2.1.1\jakarta.annotation-api-2.1.1.jar;C:\Users\ADMIN\.m2\repository\org\yaml\snakeyaml\1.33\snakeyaml-1.33.jar;C:\Users\ADMIN\.m2\repository\org\mongodb\mongodb-driver-sync\4.9.1\mongodb-driver-sync-4.9.1.jar;C:\Users\ADMIN\.m2\repository\org\springframework\data\spring-data-mongodb\4.1.1\spring-data-mongodb-4.1.1.jar;C:\Users\ADMIN\.m2\repository\org\springframework\spring-tx\6.0.10\spring-tx-6.0.10.jar;C:\Users\ADMIN\.m2\repository\org\springframework\spring-context\6.0.10\spring-context-6.0.10.jar;C:\Users\ADMIN\.m2\repository\org\springframework\spring-beans\6.0.10\spring-beans-6.0.10.jar;C:\Users\ADMIN\.m2\repository\org\springframework\spring-expression\6.0.10\spring-expression-6.0.10.jar;C:\Users\ADMIN\.m2\repository\org\springframework\data\spring-data-commons\3.1.1\spring-data-commons-3.1.1.jar;C:\Users\ADMIN\.m2\repository\org\modelmapper\modelmapper\3.1.1\modelmapper-3.1.1.jar;C:\Users\ADMIN\.m2\repository\org\springframework\boot\spring-boot-starter-validation\3.1.1\spring-boot-starter-validation-3.1.1.jar;C:\Users\ADMIN\.m2\repository\org\apache\tomcat\embed\tomcat-embed-el\10.1.10\tomcat-embed-el-10.1.10.jar;C:\Users\ADMIN\.m2\repository\org\hibernate\validator\hibernate-validator\8.0.0.Final\hibernate-validator-8.0.0.Final.jar;C:\Users\ADMIN\.m2\repository\jakarta\validation\jakarta.validation-api\3.0.2\jakarta.validation-api-3.0.2.jar;C:\Users\ADMIN\.m2\repository\org\jboss\logging\jboss-logging\3.5.1.Final\jboss-logging-3.5.1.Final.jar;C:\Users\ADMIN\.m2\repository\com\fasterxml\classmate\1.5.1\classmate-1.5.1.jar;C:\Users\ADMIN\.m2\repository\org\springframework\boot\spring-boot-starter-security\3.1.1\spring-boot-starter-security-3.1.1.jar;C:\Users\ADMIN\.m2\repository\org\springframework\spring-aop\6.0.10\spring-aop-6.0.10.jar;C:\Users\ADMIN\.m2\repository\org\springframework\security\spring-security-config\6.1.1\spring-security-config-6.1.1.jar;C:\Users\ADMIN\.m2\repository\org\springframework\security\spring-security-core\6.1.1\spring-security-core-6.1.1.jar;C:\Users\ADMIN\.m2\repository\org\springframework\security\spring-security-crypto\6.1.1\spring-security-crypto-6.1.1.jar;C:\Users\ADMIN\.m2\repository\org\springframework\security\spring-security-web\6.1.1\spring-security-web-6.1.1.jar;C:\Users\ADMIN\.m2\repository\org\mockito\mockito-all\1.8.4\mockito-all-1.8.4.jar;C:\Users\ADMIN\.m2\repository\com\auth0\java-jwt\4.4.0\java-jwt-4.4.0.jar;C:\Users\ADMIN\.m2\repository\com\fasterxml\jackson\core\jackson-databind\2.15.2\jackson-databind-2.15.2.jar;C:\Users\ADMIN\.m2\repository\com\sendinblue\sendinblue\2.0\sendinblue-2.0.jar;C:\Users\ADMIN\.m2\repository\com\google\code\gson\gson\2.10.1\gson-2.10.1.jar;C:\Users\ADMIN\.m2\repository\org\springframework\boot\spring-boot-starter-web\3.1.1\spring-boot-starter-web-3.1.1.jar;C:\Users\ADMIN\.m2\repository\org\springframework\boot\spring-boot-starter-json\3.1.1\spring-boot-starter-json-3.1.1.jar;C:\Users\ADMIN\.m2\repository\com\fasterxml\jackson\datatype\jackson-datatype-jdk8\2.15.2\jackson-datatype-jdk8-2.15.2.jar;C:\Users\ADMIN\.m2\repository\com\fasterxml\jackson\module\jackson-module-parameter-names\2.15.2\jackson-module-parameter-names-2.15.2.jar;C:\Users\ADMIN\.m2\repository\org\springframework\boot\spring-boot-starter-tomcat\3.1.1\spring-boot-starter-tomcat-3.1.1.jar;C:\Users\ADMIN\.m2\repository\org\apache\tomcat\embed\tomcat-embed-core\10.1.10\tomcat-embed-core-10.1.10.jar;C:\Users\ADMIN\.m2\repository\org\apache\tomcat\embed\tomcat-embed-websocket\10.1.10\tomcat-embed-websocket-10.1.10.jar;C:\Users\ADMIN\.m2\repository\org\springframework\spring-web\6.0.10\spring-web-6.0.10.jar;C:\Users\ADMIN\.m2\repository\io\micrometer\micrometer-observation\1.11.1\micrometer-observation-1.11.1.jar;C:\Users\ADMIN\.m2\repository\io\micrometer\micrometer-commons\1.11.1\micrometer-commons-1.11.1.jar;C:\Users\ADMIN\.m2\repository\org\springframework\spring-webmvc\6.0.10\spring-webmvc-6.0.10.jar;C:\Users\ADMIN\.m2\repository\org\mongodb\mongodb-driver-core\4.9.1\mongodb-driver-core-4.9.1.jar;C:\Users\ADMIN\.m2\repository\org\mongodb\bson\4.9.1\bson-4.9.1.jar;C:\Users\ADMIN\.m2\repository\org\mongodb\bson-record-codec\4.9.1\bson-record-codec-4.9.1.jar;C:\Users\ADMIN\.m2\repository\io\jsonwebtoken\jjwt-api\0.11.5\jjwt-api-0.11.5.jar;C:\Users\ADMIN\.m2\repository\org\springframework\boot\spring-boot-devtools\3.1.1\spring-boot-devtools-3.1.1.jar;C:\Users\ADMIN\.m2\repository\org\springframework\boot\spring-boot\3.1.1\spring-boot-3.1.1.jar;C:\Users\ADMIN\.m2\repository\org\springframework\boot\spring-boot-autoconfigure\3.1.1\spring-boot-autoconfigure-3.1.1.jar;C:\Users\ADMIN\.m2\repository\org\projectlombok\lombok\1.18.28\lombok-1.18.28.jar;C:\Users\ADMIN\.m2\repository\org\springframework\boot\spring-boot-starter-test\3.1.1\spring-boot-starter-test-3.1.1.jar;C:\Users\ADMIN\.m2\repository\org\springframework\boot\spring-boot-test\3.1.1\spring-boot-test-3.1.1.jar;C:\Users\ADMIN\.m2\repository\org\springframework\boot\spring-boot-test-autoconfigure\3.1.1\spring-boot-test-autoconfigure-3.1.1.jar;C:\Users\ADMIN\.m2\repository\com\jayway\jsonpath\json-path\2.8.0\json-path-2.8.0.jar;C:\Users\ADMIN\.m2\repository\jakarta\xml\bind\jakarta.xml.bind-api\4.0.0\jakarta.xml.bind-api-4.0.0.jar;C:\Users\ADMIN\.m2\repository\jakarta\activation\jakarta.activation-api\2.1.2\jakarta.activation-api-2.1.2.jar;C:\Users\ADMIN\.m2\repository\net\minidev\json-smart\2.4.11\json-smart-2.4.11.jar;C:\Users\ADMIN\.m2\repository\net\minidev\accessors-smart\2.4.11\accessors-smart-2.4.11.jar;C:\Users\ADMIN\.m2\repository\org\ow2\asm\asm\9.3\asm-9.3.jar;C:\Users\ADMIN\.m2\repository\org\assertj\assertj-core\3.24.2\assertj-core-3.24.2.jar;C:\Users\ADMIN\.m2\repository\net\bytebuddy\byte-buddy\1.14.5\byte-buddy-1.14.5.jar;C:\Users\ADMIN\.m2\repository\org\hamcrest\hamcrest\2.2\hamcrest-2.2.jar;C:\Users\ADMIN\.m2\repository\org\junit\jupiter\junit-jupiter\5.9.3\junit-jupiter-5.9.3.jar;C:\Users\ADMIN\.m2\repository\org\junit\jupiter\junit-jupiter-api\5.9.3\junit-jupiter-api-5.9.3.jar;C:\Users\ADMIN\.m2\repository\org\opentest4j\opentest4j\1.2.0\opentest4j-1.2.0.jar;C:\Users\ADMIN\.m2\repository\org\junit\platform\junit-platform-commons\1.9.3\junit-platform-commons-1.9.3.jar;C:\Users\ADMIN\.m2\repository\org\apiguardian\apiguardian-api\1.1.2\apiguardian-api-1.1.2.jar;C:\Users\ADMIN\.m2\repository\org\junit\jupiter\junit-jupiter-params\5.9.3\junit-jupiter-params-5.9.3.jar;C:\Users\ADMIN\.m2\repository\org\junit\jupiter\junit-jupiter-engine\5.9.3\junit-jupiter-engine-5.9.3.jar;C:\Users\ADMIN\.m2\repository\org\junit\platform\junit-platform-engine\1.9.3\junit-platform-engine-1.9.3.jar;C:\Users\ADMIN\.m2\repository\org\mockito\mockito-core\5.3.1\mockito-core-5.3.1.jar;C:\Users\ADMIN\.m2\repository\net\bytebuddy\byte-buddy-agent\1.14.5\byte-buddy-agent-1.14.5.jar;C:\Users\ADMIN\.m2\repository\org\objenesis\objenesis\3.3\objenesis-3.3.jar;C:\Users\ADMIN\.m2\repository\org\mockito\mockito-junit-jupiter\5.3.1\mockito-junit-jupiter-5.3.1.jar;C:\Users\ADMIN\.m2\repository\org\skyscreamer\jsonassert\1.5.1\jsonassert-1.5.1.jar;C:\Users\ADMIN\.m2\repository\com\vaadin\external\google\android-json\0.0.20131108.vaadin1\android-json-0.0.20131108.vaadin1.jar;C:\Users\ADMIN\.m2\repository\org\springframework\spring-core\6.0.10\spring-core-6.0.10.jar;C:\Users\ADMIN\.m2\repository\org\springframework\spring-jcl\6.0.10\spring-jcl-6.0.10.jar;C:\Users\ADMIN\.m2\repository\org\springframework\spring-test\6.0.10\spring-test-6.0.10.jar;C:\Users\ADMIN\.m2\repository\org\xmlunit\xmlunit-core\2.9.1\xmlunit-core-2.9.1.jar;C:\Users\ADMIN\.m2\repository\com\nexmo\nexmo-spring-boot-starter\1.1.0\nexmo-spring-boot-starter-1.1.0.jar;C:\Users\ADMIN\.m2\repository\com\nexmo\client\4.4.0\client-4.4.0.jar;C:\Users\ADMIN\.m2\repository\commons-logging\commons-logging\1.2\commons-logging-1.2.jar;C:\Users\ADMIN\.m2\repository\org\apache\commons\commons-lang3\3.12.0\commons-lang3-3.12.0.jar;C:\Users\ADMIN\.m2\repository\io\openapitools\jackson\dataformat\jackson-dataformat-hal\1.0.4\jackson-dataformat-hal-1.0.4.jar;C:\Users\ADMIN\.m2\repository\com\fasterxml\jackson\jaxrs\jackson-jaxrs-json-provider\2.15.2\jackson-jaxrs-json-provider-2.15.2.jar;C:\Users\ADMIN\.m2\repository\com\fasterxml\jackson\jaxrs\jackson-jaxrs-base\2.15.2\jackson-jaxrs-base-2.15.2.jar;C:\Users\ADMIN\.m2\repository\com\fasterxml\jackson\module\jackson-module-jaxb-annotations\2.15.2\jackson-module-jaxb-annotations-2.15.2.jar;C:\Users\ADMIN\.m2\repository\javax\xml\bind\jaxb-api\2.3.0\jaxb-api-2.3.0.jar;C:\Users\ADMIN\.m2\repository\com\nexmo\nexmo-spring-boot-autoconfigure\1.1.0\nexmo-spring-boot-autoconfigure-1.1.0.jar;C:\Users\ADMIN\.m2\repository\org\jetbrains\kotlin\kotlin-stdlib-jdk8\1.8.22\kotlin-stdlib-jdk8-1.8.22.jar;C:\Users\ADMIN\.m2\repository\org\jetbrains\kotlin\kotlin-stdlib\1.8.22\kotlin-stdlib-1.8.22.jar;C:\Users\ADMIN\.m2\repository\org\jetbrains\kotlin\kotlin-stdlib-common\1.8.22\kotlin-stdlib-common-1.8.22.jar;C:\Users\ADMIN\.m2\repository\org\jetbrains\annotations\13.0\annotations-13.0.jar;C:\Users\ADMIN\.m2\repository\org\jetbrains\kotlin\kotlin-stdlib-jdk7\1.8.22\kotlin-stdlib-jdk7-1.8.22.jar;C:\Users\ADMIN\.m2\repository\com\twilio\sdk\twilio\9.7.0\twilio-9.7.0.jar;C:\Users\ADMIN\.m2\repository\commons-codec\commons-codec\1.15\commons-codec-1.15.jar;C:\Users\ADMIN\.m2\repository\commons-io\commons-io\2.7\commons-io-2.7.jar;C:\Users\ADMIN\.m2\repository\io\jsonwebtoken\jjwt-jackson\0.11.2\jjwt-jackson-0.11.2.jar;C:\Users\ADMIN\.m2\repository\io\jsonwebtoken\jjwt-impl\0.11.2\jjwt-impl-0.11.2.jar;C:\Users\ADMIN\.m2\repository\org\apache\httpcomponents\httpclient\4.5.13\httpclient-4.5.13.jar;C:\Users\ADMIN\.m2\repository\org\apache\httpcomponents\httpcore\4.4.16\httpcore-4.4.16.jar;C:\Users\ADMIN\.m2\repository\com\fasterxml\jackson\core\jackson-core\2.15.2\jackson-core-2.15.2.jar;C:\Users\ADMIN\.m2\repository\com\fasterxml\jackson\core\jackson-annotations\2.15.2\jackson-annotations-2.15.2.jar;C:\Users\ADMIN\.m2\repository\com\fasterxml\jackson\datatype\jackson-datatype-jsr310\2.15.2\jackson-datatype-jsr310-2.15.2.jar;C:\Users\ADMIN\.m2\repository\com\fasterxml\jackson\dataformat\jackson-dataformat-xml\2.15.2\jackson-dataformat-xml-2.15.2.jar;C:\Users\ADMIN\.m2\repository\org\codehaus\woodstox\stax2-api\4.2.1\stax2-api-4.2.1.jar;C:\Users\ADMIN\.m2\repository\com\fasterxml\woodstox\woodstox-core\6.5.1\woodstox-core-6.5.1.jar;C:\Users\ADMIN\.m2\repository\org\slf4j\slf4j-api\2.0.7\slf4j-api-2.0.7.jar
Launcher Type: SUN_STANDARD

[Global flags]
     intx CICompilerCount                          = 3                                         {product} {ergonomic}
     uint ConcGCThreads                            = 1                                         {product} {ergonomic}
     uint G1ConcRefinementThreads                  = 4                                         {product} {ergonomic}
   size_t G1HeapRegionSize                         = 1048576                                   {product} {ergonomic}
    uintx GCDrainStackTargetSize                   = 64                                        {product} {ergonomic}
   size_t InitialHeapSize                          = 130023424                                 {product} {ergonomic}
   size_t MarkStackSize                            = 4194304                                   {product} {ergonomic}
   size_t MaxHeapSize                              = 2055208960                                {product} {ergonomic}
   size_t MaxNewSize                               = 1233125376                                {product} {ergonomic}
   size_t MinHeapDeltaBytes                        = 1048576                                   {product} {ergonomic}
   size_t MinHeapSize                              = 8388608                                   {product} {ergonomic}
    uintx NonNMethodCodeHeapSize                   = 5832780                                {pd product} {ergonomic}
    uintx NonProfiledCodeHeapSize                  = 122912730                              {pd product} {ergonomic}
    uintx ProfiledCodeHeapSize                     = 122912730                              {pd product} {ergonomic}
    uintx ReservedCodeCacheSize                    = 251658240                              {pd product} {ergonomic}
     bool SegmentedCodeCache                       = true                                      {product} {ergonomic}
   size_t SoftMaxHeapSize                          = 2055208960                             {manageable} {ergonomic}
     bool UseCompressedClassPointers               = true                           {product lp64_product} {ergonomic}
     bool UseCompressedOops                        = true                           {product lp64_product} {ergonomic}
     bool UseG1GC                                  = true                                      {product} {ergonomic}
     bool UseLargePagesIndividualAllocation        = false                                  {pd product} {ergonomic}

Logging:
Log output configuration:
 #0: stdout all=warning uptime,level,tags foldmultilines=false
 #1: stderr all=off uptime,level,tags foldmultilines=false

Environment Variables:
PATH=C:\Program Files\MySQL\MySQL Server 8.0\bin;C:\Program Files\Common Files\Oracle\Java\javapath;C:\Windows\system32;C:\Windows;C:\Windows\System32\Wbem;C:\Windows\System32\WindowsPowerShell\v1.0\;C:\Windows\System32\OpenSSH\;C:\Program Files\Microsoft SQL Server\Client SDK\ODBC\130\Tools\Binn\;C:\Program Files (x86)\Microsoft SQL Server\140\Tools\Binn\;C:\Program Files\Microsoft SQL Server\140\Tools\Binn\;C:\Program Files\Microsoft SQL Server\140\DTS\Binn\;C:\Program Files (x86)\Microsoft SQL Server\150\DTS\Binn\;C:\Program Files\nodejs\;C:\ProgramData\chocolatey\bin;C:\Program Files\Go\bin;C:\Program Files\Git\cmd;C:\Program Files\Docker\Docker\resources\bin;C:\Program Files\MySQL\MySQL Server 8.0\bin;C:\Users\ADMIN\AppData\Local\Microsoft\WindowsApps;C:\Users\ADMIN\AppData\Local\Programs\Microsoft VS Code\bin;C:\Users\ADMIN\AppData\Roaming\npm;C:\Users\ADMIN\go\bin;C:\Users\ADMIN\AppData\Local\Programs\Python\Python310\Scripts;
USERNAME=ADMIN
OS=Windows_NT
PROCESSOR_IDENTIFIER=Intel64 Family 6 Model 78 Stepping 3, GenuineIntel
TMP=C:\Users\ADMIN\AppData\Local\Temp
TEMP=C:\Users\ADMIN\AppData\Local\Temp



---------------  S Y S T E M  ---------------

OS:
 Windows 10 , 64 bit Build 19041 (10.0.19041.3031)
OS uptime: 2 days 14:00 hours
Hyper-V role detected

CPU: total 4 (initial active 4) (2 cores per cpu, 2 threads per core) family 6 model 78 stepping 3 microcode 0xdc, cx8, cmov, fxsr, ht, mmx, 3dnowpref, sse, sse2, sse3, ssse3, sse4.1, sse4.2, popcnt, lzcnt, tsc, tscinvbit, avx, avx2, aes, erms, clmul, bmi1, bmi2, rtm, adx, fma, vzeroupper, clflush, clflushopt, hv, rdtscp

Memory: 4k page, system-wide physical 7839M (342M free)
TotalPageFile size 31391M (AvailPageFile size 3M)
current process WorkingSet (physical memory assigned to process): 106M, peak: 106M
current process commit charge ("private bytes"): 235M, peak: 235M

vm_info: Java HotSpot(TM) 64-Bit Server VM (19.0.1+10-21) for windows-amd64 JRE (19.0.1+10-21), built on 2022-09-14T12:45:06Z by "mach5one" with MS VC++ 17.1 (VS2022)

END.
