#
# There is insufficient memory for the Java Runtime Environment to continue.
# Native memory allocation (mmap) failed to map 130023424 bytes for G1 virtual space
# Possible reasons:
#   The system is out of physical RAM or swap space
#   The process is running with CompressedOops enabled, and the Java Heap may be blocking the growth of the native heap
# Possible solutions:
#   Reduce memory load on the system
#   Increase physical memory or swap space
#   Check if swap backing store is full
#   Decrease Java heap size (-Xmx/-Xms)
#   Decrease number of Java threads
#   Decrease Java thread stack sizes (-Xss)
#   Set larger code cache with -XX:ReservedCodeCacheSize=
#   JVM is running with Unscaled Compressed Oops mode in which the Java heap is
#     placed in the first 4GB address space. The Java Heap base address is the
#     maximum limit for the native heap growth. Please use -XX:HeapBaseMinAddress
#     to set the Java Heap base and to place the Java Heap above 4GB virtual address.
# This output file may be truncated or incomplete.
#
#  Out of Memory Error (os_windows.cpp:3527), pid=16272, tid=2640
#
# JRE version:  (19.0.1+10) (build )
# Java VM: Java HotSpot(TM) 64-Bit Server VM (19.0.1+10-21, mixed mode, sharing, tiered, compressed oops, compressed class ptrs, g1 gc, windows-amd64)
# No core dump will be written. Minidumps are not enabled by default on client versions of Windows
#

---------------  S U M M A R Y ------------

Command Line: -Dnet.bytebuddy.agent.attacher.dump= net.bytebuddy.agent.Attacher com.sun.tools.attach.VirtualMachine 17268 C:\Users\ADMIN\.m2\repository\net\bytebuddy\byte-buddy-agent\1.14.5\byte-buddy-agent-1.14.5.jar false 

Host: Intel(R) Core(TM) i5-6300U CPU @ 2.40GHz, 4 cores, 7G,  Windows 10 , 64 bit Build 19041 (10.0.19041.3031)
Time: Fri Jul  7 20:12:25 2023 W. Central Africa Standard Time elapsed time: 0.031437 seconds (0d 0h 0m 0s)

---------------  T H R E A D  ---------------

Current thread (0x000002467548cfc0):  JavaThread "Unknown thread" [_thread_in_vm, id=2640, stack(0x000000f4f2400000,0x000000f4f2500000)]

Stack: [0x000000f4f2400000,0x000000f4f2500000]
Native frames: (J=compiled Java code, j=interpreted, Vv=VM code, C=native code)
V  [jvm.dll+0x6ee8fa]
V  [jvm.dll+0x857a1e]
V  [jvm.dll+0x85940e]
V  [jvm.dll+0x859ac3]
V  [jvm.dll+0x28291f]
V  [jvm.dll+0x6eb6e9]
V  [jvm.dll+0x6e028a]
V  [jvm.dll+0x357136]
V  [jvm.dll+0x35eb96]
V  [jvm.dll+0x3b555e]
V  [jvm.dll+0x3b578f]
V  [jvm.dll+0x32c6ea]
V  [jvm.dll+0x32d59e]
V  [jvm.dll+0x821b20]
V  [jvm.dll+0x3c27c1]
V  [jvm.dll+0x8022f1]
V  [jvm.dll+0x44b30f]
V  [jvm.dll+0x44cc91]
C  [jli.dll+0x5287]
C  [ucrtbase.dll+0x21bb2]
C  [KERNEL32.DLL+0x17614]
C  [ntdll.dll+0x526f1]


---------------  P R O C E S S  ---------------

Threads class SMR info:
_java_thread_list=0x00007fff8a97d048, length=0, elements={
}

Java Threads: ( => current thread )

Other Threads:
  0x00000246775f8380 WorkerThread "GC Thread#0" [stack: 0x000000f4f2500000,0x000000f4f2600000] [id=16452]
  0x00000246776086f0 ConcurrentGCThread "G1 Main Marker" [stack: 0x000000f4f2600000,0x000000f4f2700000] [id=23668]
  0x0000024677609030 WorkerThread "G1 Conc#0" [stack: 0x000000f4f2700000,0x000000f4f2800000] [id=16804]

[error occurred during error reporting (printing all threads), id 0xc0000005, EXCEPTION_ACCESS_VIOLATION (0xc0000005) at pc=0x00007fff8a13d127]

VM state: not at safepoint (not fully initialized)

VM Mutex/Monitor currently owned by a thread:  ([mutex/lock_event])
[0x00000246754883f0] Heap_lock - owner thread: 0x000002467548cfc0

Heap address: 0x0000000085800000, size: 1960 MB, Compressed Oops mode: 32-bit

CDS archive(s) mapped at: [0x0000000000000000-0x0000000000000000-0x0000000000000000), size 0, SharedBaseAddress: 0x0000000800000000, ArchiveRelocationMode: 0.
Narrow klass base: 0x0000000000000000, Narrow klass shift: 0, Narrow klass range: 0x0

GC Precious Log:
 CardTable entry size: 512
 Card Set container configuration: InlinePtr #cards 5 size 8 Array Of Cards #cards 12 size 40 Howl #buckets 4 coarsen threshold 1843 Howl Bitmap #cards 512 size 80 coarsen threshold 460 Card regions per heap region 1 cards per card region 2048

Heap:
 garbage-first heap   total 0K, used 0K [0x0000000085800000, 0x0000000100000000)
  region size 1024K, 0 young (0K), 0 survivors (0K)

[error occurred during error reporting (printing heap information), id 0xc0000005, EXCEPTION_ACCESS_VIOLATION (0xc0000005) at pc=0x00007fff8a546959]

GC Heap History (0 events):
No events

Dll operation events (1 events):
Event: 0.015 Loaded shared library C:\Program Files\Java\jdk-19\bin\java.dll

Deoptimization events (0 events):
No events

Classes loaded (0 events):
No events

Classes unloaded (0 events):
No events

Classes redefined (0 events):
No events

Internal exceptions (0 events):
No events

VM Operations (0 events):
No events

Events (0 events):
No events


Dynamic libraries:
0x00007ff6829e0000 - 0x00007ff6829f0000 	C:\Program Files\Java\jdk-19\bin\java.exe
0x00007ffff9df0000 - 0x00007ffff9fe8000 	C:\Windows\SYSTEM32\ntdll.dll
0x00007ffff8f70000 - 0x00007ffff902f000 	C:\Windows\System32\KERNEL32.DLL
0x00007ffff74d0000 - 0x00007ffff77c6000 	C:\Windows\System32\KERNELBASE.dll
0x00007ffff77d0000 - 0x00007ffff78d0000 	C:\Windows\System32\ucrtbase.dll
0x00007ffff28e0000 - 0x00007ffff28f8000 	C:\Program Files\Java\jdk-19\bin\jli.dll
0x00007ffff8830000 - 0x00007ffff88df000 	C:\Windows\System32\ADVAPI32.dll
0x00007ffff8950000 - 0x00007ffff89ee000 	C:\Windows\System32\msvcrt.dll
0x00007ffff94b0000 - 0x00007ffff954c000 	C:\Windows\System32\sechost.dll
0x00007ffff7e80000 - 0x00007ffff7fa6000 	C:\Windows\System32\RPCRT4.dll
0x00007ffff8ad0000 - 0x00007ffff8c6d000 	C:\Windows\System32\USER32.dll
0x00007ffff7d00000 - 0x00007ffff7d22000 	C:\Windows\System32\win32u.dll
0x00007ffff8c70000 - 0x00007ffff8c9c000 	C:\Windows\System32\GDI32.dll
0x00007ffff7be0000 - 0x00007ffff7cf5000 	C:\Windows\System32\gdi32full.dll
0x00007ffff7a80000 - 0x00007ffff7b1d000 	C:\Windows\System32\msvcp_win.dll
0x00007ffff28c0000 - 0x00007ffff28db000 	C:\Program Files\Java\jdk-19\bin\VCRUNTIME140.dll
0x00007fffe32b0000 - 0x00007fffe354a000 	C:\Windows\WinSxS\amd64_microsoft.windows.common-controls_6595b64144ccf1df_6.0.19041.1110_none_60b5254171f9507e\COMCTL32.dll
0x00007fffef110000 - 0x00007fffef11a000 	C:\Windows\SYSTEM32\VERSION.dll
0x00007ffff89f0000 - 0x00007ffff8a20000 	C:\Windows\System32\IMM32.DLL
0x00007ffff2950000 - 0x00007ffff295c000 	C:\Program Files\Java\jdk-19\bin\vcruntime140_1.dll
0x00007fffe6bf0000 - 0x00007fffe6c7e000 	C:\Program Files\Java\jdk-19\bin\msvcp140.dll
0x00007fff89e00000 - 0x00007fff8aac0000 	C:\Program Files\Java\jdk-19\bin\server\jvm.dll
0x00007fffdc430000 - 0x00007fffdc439000 	C:\Windows\SYSTEM32\WSOCK32.dll
0x00007ffff8ca0000 - 0x00007ffff8d0b000 	C:\Windows\System32\WS2_32.dll
0x00007fffe1150000 - 0x00007fffe1177000 	C:\Windows\SYSTEM32\WINMM.dll
0x00007ffff5cd0000 - 0x00007ffff5ce2000 	C:\Windows\SYSTEM32\kernel.appcore.dll
0x00007ffff0270000 - 0x00007ffff027a000 	C:\Program Files\Java\jdk-19\bin\jimage.dll
0x00007ffff48a0000 - 0x00007ffff4a84000 	C:\Windows\SYSTEM32\DBGHELP.DLL
0x00007fffde510000 - 0x00007fffde544000 	C:\Windows\SYSTEM32\dbgcore.DLL
0x00007ffff7b20000 - 0x00007ffff7ba2000 	C:\Windows\System32\bcryptPrimitives.dll
0x00007fffec090000 - 0x00007fffec0b6000 	C:\Program Files\Java\jdk-19\bin\java.dll

dbghelp: loaded successfully - version: 4.0.5 - missing functions: none
symbol engine: initialized successfully - sym options: 0x614 - pdb path: .;C:\Program Files\Java\jdk-19\bin;C:\Windows\SYSTEM32;C:\Windows\WinSxS\amd64_microsoft.windows.common-controls_6595b64144ccf1df_6.0.19041.1110_none_60b5254171f9507e;C:\Program Files\Java\jdk-19\bin\server

VM Arguments:
jvm_args: -Dnet.bytebuddy.agent.attacher.dump= 
java_command: net.bytebuddy.agent.Attacher com.sun.tools.attach.VirtualMachine 17268 C:\Users\ADMIN\.m2\repository\net\bytebuddy\byte-buddy-agent\1.14.5\byte-buddy-agent-1.14.5.jar false 
java_class_path (initial): C:\Users\ADMIN\.m2\repository\net\bytebuddy\byte-buddy-agent\1.14.5\byte-buddy-agent-1.14.5.jar
Launcher Type: SUN_STANDARD

[Global flags]
     intx CICompilerCount                          = 3                                         {product} {ergonomic}
     uint ConcGCThreads                            = 1                                         {product} {ergonomic}
     uint G1ConcRefinementThreads                  = 4                                         {product} {ergonomic}
   size_t G1HeapRegionSize                         = 1048576                                   {product} {ergonomic}
    uintx GCDrainStackTargetSize                   = 64                                        {product} {ergonomic}
   size_t InitialHeapSize                          = 130023424                                 {product} {ergonomic}
   size_t MarkStackSize                            = 4194304                                   {product} {ergonomic}
   size_t MaxHeapSize                              = 2055208960                                {product} {ergonomic}
   size_t MinHeapDeltaBytes                        = 1048576                                   {product} {ergonomic}
   size_t MinHeapSize                              = 8388608                                   {product} {ergonomic}
    uintx NonNMethodCodeHeapSize                   = 5832780                                {pd product} {ergonomic}
    uintx NonProfiledCodeHeapSize                  = 122912730                              {pd product} {ergonomic}
    uintx ProfiledCodeHeapSize                     = 122912730                              {pd product} {ergonomic}
    uintx ReservedCodeCacheSize                    = 251658240                              {pd product} {ergonomic}
     bool SegmentedCodeCache                       = true                                      {product} {ergonomic}
   size_t SoftMaxHeapSize                          = 2055208960                             {manageable} {ergonomic}
     bool UseCompressedClassPointers               = true                           {product lp64_product} {ergonomic}
     bool UseCompressedOops                        = true                           {product lp64_product} {ergonomic}
     bool UseG1GC                                  = true                                      {product} {ergonomic}
     bool UseLargePagesIndividualAllocation        = false                                  {pd product} {ergonomic}

Logging:
Log output configuration:
 #0: stdout all=warning uptime,level,tags foldmultilines=false
 #1: stderr all=off uptime,level,tags foldmultilines=false

Environment Variables:
PATH=C:\Program Files\MySQL\MySQL Server 8.0\bin;C:\Program Files\Common Files\Oracle\Java\javapath;C:\Windows\system32;C:\Windows;C:\Windows\System32\Wbem;C:\Windows\System32\WindowsPowerShell\v1.0\;C:\Windows\System32\OpenSSH\;C:\Program Files\Microsoft SQL Server\Client SDK\ODBC\130\Tools\Binn\;C:\Program Files (x86)\Microsoft SQL Server\140\Tools\Binn\;C:\Program Files\Microsoft SQL Server\140\Tools\Binn\;C:\Program Files\Microsoft SQL Server\140\DTS\Binn\;C:\Program Files (x86)\Microsoft SQL Server\150\DTS\Binn\;C:\Program Files\nodejs\;C:\ProgramData\chocolatey\bin;C:\Program Files\Go\bin;C:\Program Files\Git\cmd;C:\Program Files\Docker\Docker\resources\bin;C:\Program Files\MySQL\MySQL Server 8.0\bin;C:\Users\ADMIN\AppData\Local\Microsoft\WindowsApps;C:\Users\ADMIN\AppData\Local\Programs\Microsoft VS Code\bin;C:\Users\ADMIN\AppData\Roaming\npm;C:\Users\ADMIN\go\bin;C:\Users\ADMIN\AppData\Local\Programs\Python\Python310\Scripts;
USERNAME=ADMIN
OS=Windows_NT
PROCESSOR_IDENTIFIER=Intel64 Family 6 Model 78 Stepping 3, GenuineIntel
TMP=C:\Users\ADMIN\AppData\Local\Temp
TEMP=C:\Users\ADMIN\AppData\Local\Temp



---------------  S Y S T E M  ---------------

OS:
 Windows 10 , 64 bit Build 19041 (10.0.19041.3031)
OS uptime: 2 days 13:37 hours
Hyper-V role detected

CPU: total 4 (initial active 4) (2 cores per cpu, 2 threads per core) family 6 model 78 stepping 3 microcode 0xdc, cx8, cmov, fxsr, ht, mmx, 3dnowpref, sse, sse2, sse3, ssse3, sse4.1, sse4.2, popcnt, lzcnt, tsc, tscinvbit, avx, avx2, aes, erms, clmul, bmi1, bmi2, rtm, adx, fma, vzeroupper, clflush, clflushopt, hv, rdtscp

Memory: 4k page, system-wide physical 7839M (299M free)
TotalPageFile size 31391M (AvailPageFile size 105M)
current process WorkingSet (physical memory assigned to process): 10M, peak: 10M
current process commit charge ("private bytes"): 52M, peak: 175M

vm_info: Java HotSpot(TM) 64-Bit Server VM (19.0.1+10-21) for windows-amd64 JRE (19.0.1+10-21), built on 2022-09-14T12:45:06Z by "mach5one" with MS VC++ 17.1 (VS2022)

END.
